<?xml version="1.0" encoding="UTF-8"?>
<testsuite xmlns:xsi="http://www.w3.org/2001/XMLSchema-instance" xsi:noNamespaceSchemaLocation="https://maven.apache.org/surefire/maven-surefire-plugin/xsd/surefire-test-report.xsd" name="Test" time="0.027" tests="6" errors="1" skipped="0" failures="2">
  <properties>
[...]
</properties>
  <testcase name="final_partida" classname="Test" time="0.015">
    <failure message="expected: &lt;true&gt; but was: &lt;false&gt;" type="org.opentest4j.AssertionFailedError"><![CDATA[org.opentest4j.AssertionFailedError: expected: <true> but was: <false>
	at Test.final_partida(Test.java:63)
]]></failure>
  </testcase>
  <testcase name="coord_simulador" classname="Test" time="0.001"/>
  <testcase name="jugada_correcta" classname="Test" time="0.003">
    <failure message="expected: &lt;false&gt; but was: &lt;true&gt;" type="org.opentest4j.AssertionFailedError"><![CDATA[org.opentest4j.AssertionFailedError: expected: <false> but was: <true>
	at Test.jugada_correcta(Test.java:49)
]]></failure>
    <system-out><![CDATA[Comienza la partida, jugador 1 con: 'o'. 
 Ingrese su jugada en formato coordenada (fila columna)
La posición de su ficha es: 2 2
x|x|x
 |o| 
 | | 
Turno Jugador 2, ingrese su partida: 
Error
]]></system-out>
  </testcase>
  <testcase name="una_jugada" classname="Test" time="0.001">
    <error type="java.util.NoSuchElementException">java.util.NoSuchElementException
	at Test.una_jugada(Test.java:30)
</error>
    <system-out><![CDATA[x| | 
 | | 
 | | 
Turno Jugador 2, ingrese su partida: 
]]></system-out>
  </testcase>
  <testcase name="tablero_blanco" classname="Test" time="0.001"/>
  <testcase name="turno_jugador" classname="Test" time="0"/>
</testsuite>